<?xml version="1.0" encoding="UTF-8"?>
<coverage generated="1734551677109" clover="3.2.0">
  <project timestamp="1734551677109" name="All files">
    <metrics statements="90" coveredstatements="89" conditionals="12" coveredconditionals="11" methods="30" coveredmethods="30" elements="132" coveredelements="130" complexity="0" loc="90" ncloc="90" packages="1" files="5" classes="5"/>
    <file name="Task.js" path="C:\Users\plugg\Desktop\1DV609\assignments\1dv609_a1_p2\src\js\Task.js">
      <metrics statements="13" coveredstatements="13" conditionals="2" coveredconditionals="2" methods="7" coveredmethods="7"/>
      <line num="4" count="7" type="stmt"/>
      <line num="7" count="7" type="stmt"/>
      <line num="8" count="6" type="stmt"/>
      <line num="9" count="6" type="stmt"/>
      <line num="13" count="1" type="stmt"/>
      <line num="14" count="1" type="stmt"/>
      <line num="18" count="2" type="stmt"/>
      <line num="22" count="8" type="cond" truecount="2" falsecount="0"/>
      <line num="23" count="1" type="stmt"/>
      <line num="28" count="3" type="stmt"/>
      <line num="32" count="2" type="stmt"/>
      <line num="42" count="6" type="stmt"/>
      <line num="46" count="1" type="stmt"/>
    </file>
    <file name="TaskManager.js" path="C:\Users\plugg\Desktop\1DV609\assignments\1dv609_a1_p2\src\js\TaskManager.js">
      <metrics statements="18" coveredstatements="18" conditionals="2" coveredconditionals="2" methods="8" coveredmethods="8"/>
      <line num="4" count="16" type="stmt"/>
      <line num="8" count="16" type="stmt"/>
      <line num="12" count="9" type="stmt"/>
      <line num="13" count="9" type="stmt"/>
      <line num="14" count="9" type="stmt"/>
      <line num="18" count="11" type="stmt"/>
      <line num="22" count="2" type="stmt"/>
      <line num="23" count="2" type="stmt"/>
      <line num="24" count="2" type="stmt"/>
      <line num="28" count="4" type="stmt"/>
      <line num="29" count="4" type="stmt"/>
      <line num="30" count="4" type="stmt"/>
      <line num="34" count="3" type="stmt"/>
      <line num="36" count="3" type="cond" truecount="2" falsecount="0"/>
      <line num="38" count="2" type="stmt"/>
      <line num="39" count="3" type="stmt"/>
      <line num="44" count="6" type="stmt"/>
      <line num="48" count="15" type="stmt"/>
    </file>
    <file name="TaskStorage.js" path="C:\Users\plugg\Desktop\1DV609\assignments\1dv609_a1_p2\src\js\TaskStorage.js">
      <metrics statements="8" coveredstatements="8" conditionals="4" coveredconditionals="4" methods="4" coveredmethods="4"/>
      <line num="5" count="10" type="stmt"/>
      <line num="8" count="10" type="stmt"/>
      <line num="12" count="3" type="stmt"/>
      <line num="13" count="4" type="cond" truecount="2" falsecount="0"/>
      <line num="14" count="3" type="stmt"/>
      <line num="17" count="2" type="stmt"/>
      <line num="21" count="3" type="stmt"/>
      <line num="22" count="3" type="cond" truecount="2" falsecount="0"/>
    </file>
    <file name="TaskUI.js" path="C:\Users\plugg\Desktop\1DV609\assignments\1dv609_a1_p2\src\js\TaskUI.js">
      <metrics statements="45" coveredstatements="44" conditionals="4" coveredconditionals="3" methods="10" coveredmethods="10"/>
      <line num="6" count="15" type="stmt"/>
      <line num="7" count="15" type="stmt"/>
      <line num="8" count="15" type="stmt"/>
      <line num="9" count="15" type="stmt"/>
      <line num="10" count="15" type="stmt"/>
      <line num="14" count="9" type="stmt"/>
      <line num="16" count="9" type="stmt"/>
      <line num="17" count="9" type="stmt"/>
      <line num="18" count="9" type="stmt"/>
      <line num="19" count="9" type="stmt"/>
      <line num="20" count="9" type="stmt"/>
      <line num="22" count="9" type="cond" truecount="2" falsecount="0"/>
      <line num="23" count="1" type="stmt"/>
      <line num="26" count="9" type="stmt"/>
      <line num="31" count="9" type="stmt"/>
      <line num="32" count="9" type="stmt"/>
      <line num="33" count="9" type="stmt"/>
      <line num="35" count="9" type="stmt"/>
      <line num="36" count="9" type="stmt"/>
      <line num="38" count="9" type="stmt"/>
      <line num="39" count="9" type="stmt"/>
      <line num="40" count="9" type="stmt"/>
      <line num="41" count="9" type="stmt"/>
      <line num="43" count="9" type="stmt"/>
      <line num="47" count="15" type="stmt"/>
      <line num="48" count="15" type="stmt"/>
      <line num="49" count="15" type="stmt"/>
      <line num="51" count="15" type="stmt"/>
      <line num="52" count="15" type="stmt"/>
      <line num="54" count="15" type="stmt"/>
      <line num="55" count="15" type="stmt"/>
      <line num="57" count="15" type="stmt"/>
      <line num="61" count="1" type="stmt"/>
      <line num="62" count="1" type="stmt"/>
      <line num="63" count="1" type="stmt"/>
      <line num="65" count="1" type="cond" truecount="1" falsecount="1"/>
      <line num="66" count="0" type="stmt"/>
      <line num="71" count="15" type="stmt"/>
      <line num="72" count="15" type="stmt"/>
      <line num="73" count="15" type="stmt"/>
      <line num="77" count="39" type="stmt"/>
      <line num="78" count="39" type="stmt"/>
      <line num="79" count="39" type="stmt"/>
      <line num="83" count="1" type="stmt"/>
      <line num="84" count="1" type="stmt"/>
    </file>
    <file name="index.js" path="C:\Users\plugg\Desktop\1DV609\assignments\1dv609_a1_p2\src\js\index.js">
      <metrics statements="6" coveredstatements="6" conditionals="0" coveredconditionals="0" methods="1" coveredmethods="1"/>
      <line num="5" count="3" type="stmt"/>
      <line num="6" count="4" type="stmt"/>
      <line num="7" count="4" type="stmt"/>
      <line num="8" count="4" type="stmt"/>
      <line num="9" count="4" type="stmt"/>
      <line num="12" count="3" type="stmt"/>
    </file>
  </project>
</coverage>
