TN:
SF:src\js\Task.js
FN:6,(anonymous_0)
FN:12,(anonymous_1)
FN:17,(anonymous_2)
FN:21,(anonymous_3)
FN:27,(anonymous_4)
FN:31,(anonymous_5)
FN:45,(anonymous_6)
FNF:7
FNH:7
FNDA:7,(anonymous_0)
FNDA:1,(anonymous_1)
FNDA:2,(anonymous_2)
FNDA:8,(anonymous_3)
FNDA:3,(anonymous_4)
FNDA:2,(anonymous_5)
FNDA:1,(anonymous_6)
DA:4,7
DA:7,7
DA:8,6
DA:9,6
DA:13,1
DA:14,1
DA:18,2
DA:22,8
DA:23,1
DA:28,3
DA:32,2
DA:42,6
DA:46,1
LF:13
LH:13
BRDA:22,0,0,1
BRDA:22,0,1,7
BRF:2
BRH:2
end_of_record
TN:
SF:src\js\TaskManager.js
FN:7,(anonymous_0)
FN:11,(anonymous_1)
FN:17,(anonymous_2)
FN:21,(anonymous_3)
FN:27,(anonymous_4)
FN:33,(anonymous_5)
FN:38,(anonymous_6)
FN:44,(anonymous_7)
FNF:8
FNH:8
FNDA:16,(anonymous_0)
FNDA:9,(anonymous_1)
FNDA:11,(anonymous_2)
FNDA:2,(anonymous_3)
FNDA:4,(anonymous_4)
FNDA:3,(anonymous_5)
FNDA:3,(anonymous_6)
FNDA:5,(anonymous_7)
DA:4,16
DA:8,16
DA:12,9
DA:13,9
DA:14,9
DA:18,11
DA:22,2
DA:23,2
DA:24,2
DA:28,4
DA:29,4
DA:30,4
DA:34,3
DA:36,3
DA:38,2
DA:39,3
DA:44,6
DA:48,15
LF:18
LH:18
BRDA:36,0,0,1
BRDA:36,0,1,2
BRF:2
BRH:2
end_of_record
TN:
SF:src\js\TaskStorage.js
FN:7,(anonymous_0)
FN:11,(anonymous_1)
FN:12,(anonymous_2)
FN:20,(anonymous_3)
FNF:4
FNH:4
FNDA:10,(anonymous_0)
FNDA:3,(anonymous_1)
FNDA:4,(anonymous_2)
FNDA:3,(anonymous_3)
DA:5,10
DA:8,10
DA:12,3
DA:13,4
DA:14,3
DA:17,2
DA:21,3
DA:22,3
LF:8
LH:8
BRDA:13,0,0,1
BRDA:13,0,1,3
BRDA:22,1,0,2
BRDA:22,1,1,1
BRF:4
BRH:4
end_of_record
TN:
SF:src\js\TaskUI.js
FN:5,(anonymous_0)
FN:13,(anonymous_1)
FN:17,(anonymous_2)
FN:19,(anonymous_3)
FN:20,(anonymous_4)
FN:30,(anonymous_5)
FN:57,(anonymous_6)
FN:60,(anonymous_7)
FN:70,(anonymous_8)
FN:82,(anonymous_9)
FNF:10
FNH:10
FNDA:15,(anonymous_0)
FNDA:9,(anonymous_1)
FNDA:9,(anonymous_2)
FNDA:1,(anonymous_3)
FNDA:1,(anonymous_4)
FNDA:9,(anonymous_5)
FNDA:1,(anonymous_6)
FNDA:1,(anonymous_7)
FNDA:15,(anonymous_8)
FNDA:1,(anonymous_9)
DA:6,15
DA:7,15
DA:8,15
DA:9,15
DA:10,15
DA:14,9
DA:16,9
DA:17,9
DA:18,9
DA:19,9
DA:20,9
DA:22,9
DA:23,1
DA:26,9
DA:31,9
DA:32,9
DA:33,9
DA:35,9
DA:36,9
DA:38,9
DA:39,9
DA:40,9
DA:41,9
DA:43,9
DA:47,15
DA:48,15
DA:49,15
DA:51,15
DA:52,15
DA:54,15
DA:55,15
DA:57,15
DA:61,1
DA:62,1
DA:63,1
DA:65,1
DA:66,0
DA:71,15
DA:72,15
DA:73,15
DA:77,39
DA:78,39
DA:79,39
DA:83,1
DA:84,1
LF:45
LH:44
BRDA:22,0,0,1
BRDA:22,0,1,8
BRDA:65,1,0,0
BRDA:65,1,1,1
BRF:4
BRH:3
end_of_record
TN:
SF:src\js\index.js
FN:5,(anonymous_0)
FNF:1
FNH:1
FNDA:4,(anonymous_0)
DA:5,3
DA:6,4
DA:7,4
DA:8,4
DA:9,4
DA:12,3
LF:6
LH:6
BRF:0
BRH:0
end_of_record
