TN:
SF:src\js\Task.js
FN:6,(anonymous_0)
FN:12,(anonymous_1)
FN:17,(anonymous_2)
FN:21,(anonymous_3)
FN:27,(anonymous_4)
FN:31,(anonymous_5)
FN:45,(anonymous_6)
FNF:7
FNH:7
FNDA:7,(anonymous_0)
FNDA:1,(anonymous_1)
FNDA:2,(anonymous_2)
FNDA:8,(anonymous_3)
FNDA:3,(anonymous_4)
FNDA:2,(anonymous_5)
FNDA:1,(anonymous_6)
DA:4,7
DA:7,7
DA:8,6
DA:9,6
DA:13,1
DA:14,1
DA:18,2
DA:22,8
DA:23,1
DA:28,3
DA:32,2
DA:42,6
DA:46,1
LF:13
LH:13
BRDA:22,0,0,1
BRDA:22,0,1,7
BRF:2
BRH:2
end_of_record
TN:
SF:src\js\TaskManager.js
FN:7,(anonymous_0)
FN:11,(anonymous_1)
FN:16,(anonymous_2)
FN:20,(anonymous_3)
FN:25,(anonymous_4)
FN:30,(anonymous_5)
FN:35,(anonymous_6)
FN:41,(anonymous_7)
FNF:8
FNH:8
FNDA:9,(anonymous_0)
FNDA:7,(anonymous_1)
FNDA:10,(anonymous_2)
FNDA:1,(anonymous_3)
FNDA:3,(anonymous_4)
FNDA:3,(anonymous_5)
FNDA:3,(anonymous_6)
FNDA:4,(anonymous_7)
DA:4,9
DA:8,9
DA:12,7
DA:13,7
DA:17,10
DA:21,1
DA:22,1
DA:26,3
DA:27,3
DA:31,3
DA:33,3
DA:35,2
DA:36,3
DA:41,4
LF:14
LH:14
BRDA:33,0,0,1
BRDA:33,0,1,2
BRF:2
BRH:2
end_of_record
TN:
SF:src\js\TaskStorage.js
FN:7,(anonymous_0)
FN:11,(anonymous_1)
FN:12,(anonymous_2)
FN:19,(anonymous_3)
FNF:4
FNH:4
FNDA:7,(anonymous_0)
FNDA:3,(anonymous_1)
FNDA:4,(anonymous_2)
FNDA:4,(anonymous_3)
DA:5,7
DA:8,7
DA:12,3
DA:13,4
DA:16,2
DA:20,4
DA:21,4
LF:7
LH:7
BRDA:13,0,0,1
BRDA:13,0,1,3
BRDA:21,1,0,3
BRDA:21,1,1,1
BRF:4
BRH:4
end_of_record
TN:
SF:src\js\TaskUI.js
FN:5,(anonymous_0)
FN:10,(anonymous_1)
FN:15,(anonymous_2)
FN:17,(anonymous_3)
FN:29,(anonymous_4)
FN:40,(anonymous_5)
FN:51,(anonymous_6)
FN:54,(anonymous_7)
FNF:8
FNH:8
FNDA:11,(anonymous_0)
FNDA:7,(anonymous_1)
FNDA:8,(anonymous_2)
FNDA:1,(anonymous_3)
FNDA:8,(anonymous_4)
FNDA:4,(anonymous_5)
FNDA:1,(anonymous_6)
FNDA:2,(anonymous_7)
DA:6,11
DA:7,11
DA:11,7
DA:12,7
DA:14,7
DA:15,7
DA:16,8
DA:17,8
DA:19,8
DA:20,1
DA:23,8
DA:26,7
DA:30,8
DA:31,8
DA:32,8
DA:34,8
DA:35,8
DA:37,8
DA:41,4
DA:42,4
DA:43,4
DA:45,4
DA:46,4
DA:48,4
DA:49,4
DA:51,4
DA:55,2
DA:56,2
DA:57,2
DA:59,2
DA:60,1
DA:65,16
DA:66,16
DA:67,16
LF:34
LH:34
BRDA:19,0,0,1
BRDA:19,0,1,7
BRDA:59,1,0,1
BRDA:59,1,1,1
BRF:4
BRH:4
end_of_record
